生成启动时间为 2017/3/16 11:51:58。
     1>项目“C:\Users\lenovo\Documents\Visual Studio 2015\Projects\Project4\Project4\Project4.vcxproj”在节点 2 上(Build 个目标)。
     1>ClCompile:
         C:\Program Files (x86)\Microsoft Visual Studio 14.0\VC\bin\CL.exe /c /ZI /nologo /W3 /WX- /sdl /Od /Oy- /D _MBCS /Gm /EHsc /RTC1 /MDd /GS /fp:precise /Zc:wchar_t /Zc:forScope /Zc:inline /Fo"Debug\\" /Fd"Debug\vc140.pdb" /Gd /TP /analyze- /errorReport:prompt MapLoader.cpp
         MapLoader.cpp
     1>c:\users\lenovo\documents\visual studio 2015\projects\project4\project4\maploader.cpp(46): warning C4018: “<”: 有符号/无符号不匹配
     1>c:\users\lenovo\documents\visual studio 2015\projects\project4\project4\maploader.cpp(55): warning C4018: “<”: 有符号/无符号不匹配
     1>c:\users\lenovo\documents\visual studio 2015\projects\project4\project4\maploader.cpp(85): warning C4018: “<”: 有符号/无符号不匹配
     1>c:\users\lenovo\documents\visual studio 2015\projects\project4\project4\maploader.cpp(94): warning C4018: “<”: 有符号/无符号不匹配
       Link:
         C:\Program Files (x86)\Microsoft Visual Studio 14.0\VC\bin\link.exe /ERRORREPORT:PROMPT /OUT:"C:\Users\lenovo\Documents\Visual Studio 2015\Projects\Project4\Debug\Project4.exe" /INCREMENTAL /NOLOGO kernel32.lib user32.lib gdi32.lib winspool.lib comdlg32.lib advapi32.lib shell32.lib ole32.lib oleaut32.lib uuid.lib odbc32.lib odbccp32.lib /MANIFEST /MANIFESTUAC:"level='asInvoker' uiAccess='false'" /manifest:embed /Debug /PDB:"C:\Users\lenovo\Documents\Visual Studio 2015\Projects\Project4\Debug\Project4.pdb" /SUBSYSTEM:CONSOLE /TLBID:1 /DYNAMICBASE /NXCOMPAT /IMPLIB:"C:\Users\lenovo\Documents\Visual Studio 2015\Projects\Project4\Debug\Project4.lib" /MACHINE:X86 Debug\AttractionMapper.obj
         Debug\main.obj
         Debug\MapLoader.obj
         Debug\Navigator.obj
         Debug\SegmentMapper.obj
         Debug\support.obj
         Project4.vcxproj -> C:\Users\lenovo\Documents\Visual Studio 2015\Projects\Project4\Debug\Project4.exe
     1>已完成生成项目“C:\Users\lenovo\Documents\Visual Studio 2015\Projects\Project4\Project4\Project4.vcxproj”(Build 个目标)的操作。

已成功生成。

已用时间 00:00:01.26
